<?xml version="1.0" encoding="UTF-8"?>
<testng-results ignored="0" total="3" passed="3" failed="0" skipped="0">
  <reporter-output>
  </reporter-output>
  <suite started-at="2024-01-19T18:30:03 IST" name="Default suite" finished-at="2024-01-19T18:30:03 IST" duration-ms="70">
    <groups>
    </groups>
    <test started-at="2024-01-19T18:30:03 IST" name="Default test" finished-at="2024-01-19T18:30:03 IST" duration-ms="70">
      <class name="com.ecommerce.TestProductDetails">
        <test-method signature="findProductdetails()[pri:0, instance:com.ecommerce.TestProductDetails@22ff4249]" started-at="2024-01-19T18:30:03 IST" name="findProductdetails" finished-at="2024-01-19T18:30:03 IST" duration-ms="14" status="PASS">
          <reporter-output>
          </reporter-output>
        </test-method> <!-- findProductdetails -->
        <test-method signature="findproductdetailswithEmptyInput()[pri:0, instance:com.ecommerce.TestProductDetails@22ff4249]" started-at="2024-01-19T18:30:03 IST" name="findproductdetailswithEmptyInput" finished-at="2024-01-19T18:30:03 IST" duration-ms="1" status="PASS">
          <reporter-output>
          </reporter-output>
        </test-method> <!-- findproductdetailswithEmptyInput -->
        <test-method signature="invalidproductdetails()[pri:0, instance:com.ecommerce.TestProductDetails@22ff4249]" started-at="2024-01-19T18:30:03 IST" name="invalidproductdetails" finished-at="2024-01-19T18:30:03 IST" duration-ms="1" status="PASS">
          <reporter-output>
          </reporter-output>
        </test-method> <!-- invalidproductdetails -->
      </class> <!-- com.ecommerce.TestProductDetails -->
    </test> <!-- Default test -->
  </suite> <!-- Default suite -->
</testng-results>
