<?xml version="1.0" encoding="UTF-8"?>
<!-- Generated by org.testng.reporters.JUnitXMLReporter -->
<testsuite ignored="0" hostname="Selva" failures="0" tests="3" name="Default test" time="0.07" errors="0" timestamp="2024-01-19T18:30:03 IST">
  <testcase classname="com.ecommerce.TestProductDetails" name="findProductdetails" time="0.014"/>
  <testcase classname="com.ecommerce.TestProductDetails" name="findproductdetailswithEmptyInput" time="0.001"/>
  <testcase classname="com.ecommerce.TestProductDetails" name="invalidproductdetails" time="0.001"/>
</testsuite> <!-- Default test -->
